********************************************************************************
DUPLICATOR-LITE PACKAGE-LOG: 16, January  2018 5:44 pm
NOTICE: Do NOT post to public sites or forums 
********************************************************************************
VERSION:	1.2.32
WORDPRESS:	4.9.1
PHP INFO:	7.0.9 | SAPI: apache2handler
SERVER:		Apache/2.4.23 (Unix) OpenSSL/1.0.2j PHP/7.0.9 mod_perl/2.0.8-dev Perl/v5.16.3 
PHP TIME LIMIT: (0) no time limit imposed 
PHP MAX MEMORY: 2048M (128M default) 
MEMORY STACK: 14MB 

********************************************************************************
DATABASE:
********************************************************************************
BUILD MODE:   PHP(query limit - 100)
MYSQLTIMEOUT: 5000
MYSQLDUMP:    Not Supported 
TABLES: total:13 | filtered:0 | create:13 
FILTERED: [] 
SQL CREATED: 20180116_cimahiwall_6464051eba609b498465180116174428_database.sql 
SQL FILE SIZE: 1.04MB (1091513) 
SQL FILE TIME: 2018-01-16 17:44:39 
SQL RUNTIME: 0.45 sec. 

******************************************************************************** 
ARCHIVE (ZIP): 
******************************************************************************** 
ARCHIVE DIR:  /media/phi314/Data/Web Development/cimahiwall.com 
ARCHIVE FILE: 20180116_cimahiwall_6464051eba609b498465180116174428_archive.zip 
FILTERS: *OFF* 
DIRS:
	not set 
FILES:
	not set 
EXTS:  not set 
---------------------------------------- 
COMPRESSING 
SIZE:	57.84MB 
STATS:	Dirs 245 | Files 2,137 
SQL ADDED: 20180116_cimahiwall_6464051eba609b498465180116174428_database.sql 
ZipArchive Object
(
    [status] => 0
    [statusSys] => 0
    [numFiles] => 2382
    [filename] => /media/phi314/Data/Web Development/cimahiwall.com/wp-snapshots/tmp/20180116_cimahiwall_6464051eba609b498465180116174428_archive.zip
    [comment] => 
)
 
COMPRESSION RESULT: '1' 
COMPRESSED SIZE: 33.22MB 
ARCHIVE RUNTIME: 65.55 sec. 
MEMORY STACK: 16MB 

******************************************************************************** 
MAKE INSTALLER: 
******************************************************************************** 
Build Start 
Build Finished 
Preping for use 
PACK SIZE:  
Template parsed with new data 
Complete [/media/phi314/Data/Web Development/cimahiwall.com/wp-snapshots/tmp/20180116_cimahiwall_6464051eba609b498465180116174428_installer.php] 
Added to archive 

******************************************************************************** 
INTEGRITY CHECKS: 
******************************************************************************** 
SQL File: 1.04MB 
Installer File: 444KB 
Archive File: 33.22MB  

********************************************************************************
RECORD ID:[1]
TOTAL PROCESS RUNTIME: 70.41 sec.
PEAK PHP MEMORY USED: 18MB
DONE PROCESSING => 20180116_cimahiwall 16, January  2018 5:45 pm
 
